[0.000][INFO]:      ChromeDriver 26.0.1383.0 /Users/daven/.rvm/bin/chromedriver
[0.228][FINE]:      Initializing session with capabilities {
   "browserName": "chrome",
   "chrome.detach": true,
   "chromeOptions": {
      "detach": true
   },
   "cssSelectorsEnabled": true,
   "javascriptEnabled": true,
   "nativeEvents": false,
   "platform": "ANY",
   "rotatable": false,
   "takesScreenshot": false,
   "version": ""
}

[0.230][INFO]:      Using named testing interface
[0.644][INFO]:      Connected to Chrome successfully. Version: 29.0.1547.65
[0.648][FINE]:      Command received (/session/be83cbbc39be7ec3ad2625d1720b38fe)
[0.648][FINE]:      Command finished (/session/be83cbbc39be7ec3ad2625d1720b38fe) with response {
   "sessionId": "be83cbbc39be7ec3ad2625d1720b38fe",
   "status": 0,
   "value": {
      "acceptSslCerts": false,
      "applicationCacheEnabled": false,
      "browserConnectionEnabled": false,
      "browserName": "chrome",
      "chrome.chromedriverVersion": "26.0.1383.0",
      "cssSelectorsEnabled": true,
      "databaseEnabled": false,
      "handlesAlerts": true,
      "javascriptEnabled": true,
      "locationContextEnabled": false,
      "nativeEvents": true,
      "platform": "mac",
      "rotatable": false,
      "takesScreenshot": true,
      "version": "29.0.1547.65",
      "webStorageEnabled": true
   }
}

[0.650][FINE]:      Command received (/session/be83cbbc39be7ec3ad2625d1720b38fe/url) with params {
   "url": "http://google.com"
}

[0.650][FINER]:     Waiting for all views to stop loading...
[0.650][FINER]:     Done waiting for all views to stop loading
[0.654][FINE]:      Command received (/session/be83cbbc39be7ec3ad2625d1720b38fe)
[0.703][INFO]:      Chrome shutdown
